the complete deck :
TRex 6 6 12 9 9
Stegosaurus 4 3 8 1 8
Brachiosaurus 12 8 16 2 6
Velociraptor 3 5 5 12 10
Carnotaurus 5 6 7 9 8
Iguanodon 2 2 3 1 9
Megalosaurus 9 9 8 6 9
-----------------------------------------------
deck after it has been shuffled :
TRex 6 6 12 9 9
Iguanodon 2 2 3 1 9
Brachiosaurus 12 8 16 2 6
Stegosaurus 4 3 8 1 8
Carnotaurus 5 6 7 9 8
Velociraptor 3 5 5 12 10
Megalosaurus 9 9 8 6 9
-----------------------------------------------
You's cards :
Carnotaurus 5 6 7 9 8

AI player1's cards :
Iguanodon 2 2 3 1 9
Megalosaurus 9 9 8 6 9

AI player2's cards :
TRex 6 6 12 9 9
Velociraptor 3 5 5 12 10

AI player3's cards :
Stegosaurus 4 3 8 1 8

AI player4's cards :
Brachiosaurus 12 8 16 2 6

-----------------------------------------------
Round Number: 1, active player: AI player2
 length has been selected,value is : 12
current cards in play: 
You:Carnotaurus 5 6 7 9 8
AI player1:Iguanodon 2 2 3 1 9
AI player2:TRex 6 6 12 9 9
AI player3:Stegosaurus 4 3 8 1 8
AI player4:Brachiosaurus 12 8 16 2 6
You: no cards left's cards :

AI player1's cards :
Megalosaurus 9 9 8 6 9

AI player2's cards :
Velociraptor 3 5 5 12 10

AI player3: no cards left's cards :

AI player4's cards :
Carnotaurus 5 6 7 9 8
Iguanodon 2 2 3 1 9
TRex 6 6 12 9 9
Stegosaurus 4 3 8 1 8
Brachiosaurus 12 8 16 2 6

-----------------------------------------------
Round Number: 2, active player: AI player4
 ferocity has been selected,value is : 9
current cards in play: 
AI player1:Megalosaurus 9 9 8 6 9
AI player2:Velociraptor 3 5 5 12 10
AI player4:Carnotaurus 5 6 7 9 8
You: no cards left's cards :

AI player1: no cards left's cards :

AI player2's cards :
Megalosaurus 9 9 8 6 9
Velociraptor 3 5 5 12 10
Carnotaurus 5 6 7 9 8

AI player3: no cards left's cards :

AI player4's cards :
Iguanodon 2 2 3 1 9
TRex 6 6 12 9 9
Stegosaurus 4 3 8 1 8
Brachiosaurus 12 8 16 2 6

-----------------------------------------------
Round Number: 3, active player: AI player2
 height has been selected,value is : 9
current cards in play: 
AI player2:Megalosaurus 9 9 8 6 9
AI player4:Iguanodon 2 2 3 1 9
You: no cards left's cards :

AI player1: no cards left's cards :

AI player2's cards :
Velociraptor 3 5 5 12 10
Carnotaurus 5 6 7 9 8
Megalosaurus 9 9 8 6 9
Iguanodon 2 2 3 1 9

AI player3: no cards left's cards :

AI player4's cards :
TRex 6 6 12 9 9
Stegosaurus 4 3 8 1 8
Brachiosaurus 12 8 16 2 6

-----------------------------------------------
Round Number: 4, active player: AI player2
 ferocity has been selected,value is : 12
current cards in play: 
AI player2:Velociraptor 3 5 5 12 10
AI player4:TRex 6 6 12 9 9
You: no cards left's cards :

AI player1: no cards left's cards :

AI player2's cards :
Carnotaurus 5 6 7 9 8
Megalosaurus 9 9 8 6 9
Iguanodon 2 2 3 1 9
Velociraptor 3 5 5 12 10
TRex 6 6 12 9 9

AI player3: no cards left's cards :

AI player4's cards :
Stegosaurus 4 3 8 1 8
Brachiosaurus 12 8 16 2 6

-----------------------------------------------
Round Number: 5, active player: AI player2
 ferocity has been selected,value is : 9
current cards in play: 
AI player2:Carnotaurus 5 6 7 9 8
AI player4:Stegosaurus 4 3 8 1 8
You: no cards left's cards :

AI player1: no cards left's cards :

AI player2's cards :
Megalosaurus 9 9 8 6 9
Iguanodon 2 2 3 1 9
Velociraptor 3 5 5 12 10
TRex 6 6 12 9 9
Carnotaurus 5 6 7 9 8
Stegosaurus 4 3 8 1 8

AI player3: no cards left's cards :

AI player4's cards :
Brachiosaurus 12 8 16 2 6

-----------------------------------------------
Round Number: 6, active player: AI player2
 height has been selected,value is : 9
current cards in play: 
AI player2:Megalosaurus 9 9 8 6 9
AI player4:Brachiosaurus 12 8 16 2 6
You: no cards left's cards :

AI player1: no cards left's cards :

AI player2's cards :
Iguanodon 2 2 3 1 9
Velociraptor 3 5 5 12 10
TRex 6 6 12 9 9
Carnotaurus 5 6 7 9 8
Stegosaurus 4 3 8 1 8

AI player3: no cards left's cards :

AI player4's cards :
Megalosaurus 9 9 8 6 9
Brachiosaurus 12 8 16 2 6

-----------------------------------------------
Round Number: 7, active player: AI player4
 height has been selected,value is : 9
current cards in play: 
AI player2:Iguanodon 2 2 3 1 9
AI player4:Megalosaurus 9 9 8 6 9
You: no cards left's cards :

AI player1: no cards left's cards :

AI player2's cards :
Velociraptor 3 5 5 12 10
TRex 6 6 12 9 9
Carnotaurus 5 6 7 9 8
Stegosaurus 4 3 8 1 8

AI player3: no cards left's cards :

AI player4's cards :
Brachiosaurus 12 8 16 2 6
Iguanodon 2 2 3 1 9
Megalosaurus 9 9 8 6 9

-----------------------------------------------
Round Number: 8, active player: AI player4
 length has been selected,value is : 16
current cards in play: 
AI player2:Velociraptor 3 5 5 12 10
AI player4:Brachiosaurus 12 8 16 2 6
You: no cards left's cards :

AI player1: no cards left's cards :

AI player2's cards :
TRex 6 6 12 9 9
Carnotaurus 5 6 7 9 8
Stegosaurus 4 3 8 1 8

AI player3: no cards left's cards :

AI player4's cards :
Iguanodon 2 2 3 1 9
Megalosaurus 9 9 8 6 9
Velociraptor 3 5 5 12 10
Brachiosaurus 12 8 16 2 6

-----------------------------------------------
Round Number: 9, active player: AI player4
 intelligence has been selected,value is : 9
current cards in play: 
AI player2:TRex 6 6 12 9 9
AI player4:Iguanodon 2 2 3 1 9
communal pile cards:
TRex 6 6 12 9 9
Iguanodon 2 2 3 1 9
You: no cards left's cards :

AI player1: no cards left's cards :

AI player2's cards :
Carnotaurus 5 6 7 9 8
Stegosaurus 4 3 8 1 8

AI player3: no cards left's cards :

AI player4's cards :
Megalosaurus 9 9 8 6 9
Velociraptor 3 5 5 12 10
Brachiosaurus 12 8 16 2 6

-----------------------------------------------
Round Number: 10, active player: AI player4
 height has been selected,value is : 9
current cards in play: 
AI player2:Carnotaurus 5 6 7 9 8
AI player4:Megalosaurus 9 9 8 6 9
AI player4 take communal pile cards
You: no cards left's cards :

AI player1: no cards left's cards :

AI player2's cards :
Stegosaurus 4 3 8 1 8

AI player3: no cards left's cards :

AI player4's cards :
Velociraptor 3 5 5 12 10
Brachiosaurus 12 8 16 2 6
Carnotaurus 5 6 7 9 8
Megalosaurus 9 9 8 6 9
TRex 6 6 12 9 9
Iguanodon 2 2 3 1 9

-----------------------------------------------
Round Number: 11, active player: AI player4
 ferocity has been selected,value is : 12
current cards in play: 
AI player2:Stegosaurus 4 3 8 1 8
AI player4:Velociraptor 3 5 5 12 10
You: no cards left's cards :

AI player1: no cards left's cards :

AI player2: no cards left's cards :

AI player3: no cards left's cards :

AI player4's cards :
Brachiosaurus 12 8 16 2 6
Carnotaurus 5 6 7 9 8
Megalosaurus 9 9 8 6 9
TRex 6 6 12 9 9
Iguanodon 2 2 3 1 9
Stegosaurus 4 3 8 1 8
Velociraptor 3 5 5 12 10

-----------------------------------------------
The winner was AI player4, they won 6 rounds
You lost overall, but won 0 rounds
AI player1 lost overall, but won 0 rounds
AI player2 lost overall, but won 4 rounds
AI player3 lost overall, but won 0 rounds
